# JRE version: OpenJDK Runtime Environment (8.0_112-b06) (build 1.8.0_112-release-b06)
# Java VM: OpenJDK 64-Bit Server VM (25.112-b06 mixed mode linux-amd64 compressed oops)
Heap:
 PSYoungGen      total 366592K, used 26365K [0x00000000e0000000, 0x0000000100000000, 0x0000000100000000)
  eden space 254976K, 0% used [0x00000000e0000000,0x00000000e0000000,0x00000000ef900000)
  from space 111616K, 23% used [0x00000000f9300000,0x00000000facbf400,0x0000000100000000)
  to   space 134656K, 0% used [0x00000000ef900000,0x00000000ef900000,0x00000000f7c80000)
 ParOldGen       total 286208K, used 285380K [0x00000000a0000000, 0x00000000b1780000, 0x00000000e0000000)
  object space 286208K, 99% used [0x00000000a0000000,0x00000000b16b1168,0x00000000b1780000)
 Metaspace       used 89884K, capacity 94190K, committed 94360K, reserved 1132544K
  class space    used 11321K, capacity 12204K, committed 12208K, reserved 1048576K
GC Heap History (10 events):
Event: 445.099 GC heap after
Heap after GC invocations=21 (full 5):
 PSYoungGen      total 415744K, used 8653K [0x00000000e0000000, 0x00000000ff880000, 0x0000000100000000)
  eden space 327168K, 0% used [0x00000000e0000000,0x00000000e0000000,0x00000000f3f80000)
  from space 88576K, 9% used [0x00000000fa200000,0x00000000faa73648,0x00000000ff880000)
  to   space 94720K, 0% used [0x00000000f3f80000,0x00000000f3f80000,0x00000000f9c00000)
 ParOldGen       total 281600K, used 144721K [0x00000000a0000000, 0x00000000b1300000, 0x00000000e0000000)
  object space 281600K, 51% used [0x00000000a0000000,0x00000000a8d544d0,0x00000000b1300000)
 Metaspace       used 82066K, capacity 85742K, committed 85912K, reserved 1124352K
  class space    used 10395K, capacity 11180K, committed 11184K, reserved 1048576K
}
Event: 493.214 GC heap before
{Heap before GC invocations=22 (full 5):
 PSYoungGen      total 415744K, used 335821K [0x00000000e0000000, 0x00000000ff880000, 0x0000000100000000)
  eden space 327168K, 100% used [0x00000000e0000000,0x00000000f3f80000,0x00000000f3f80000)
  from space 88576K, 9% used [0x00000000fa200000,0x00000000faa73648,0x00000000ff880000)
  to   space 94720K, 0% used [0x00000000f3f80000,0x00000000f3f80000,0x00000000f9c00000)
 ParOldGen       total 281600K, used 144721K [0x00000000a0000000, 0x00000000b1300000, 0x00000000e0000000)
  object space 281600K, 51% used [0x00000000a0000000,0x00000000a8d544d0,0x00000000b1300000)
 Metaspace       used 82437K, capacity 86226K, committed 86552K, reserved 1124352K
  class space    used 10434K, capacity 11208K, committed 11312K, reserved 1048576K
Event: 493.224 GC heap after
Heap after GC invocations=22 (full 5):
 PSYoungGen      total 421888K, used 12721K [0x00000000e0000000, 0x0000000100000000, 0x0000000100000000)
  eden space 327168K, 0% used [0x00000000e0000000,0x00000000e0000000,0x00000000f3f80000)
  from space 94720K, 13% used [0x00000000f3f80000,0x00000000f4bec708,0x00000000f9c00000)
  to   space 91648K, 0% used [0x00000000fa680000,0x00000000fa680000,0x0000000100000000)
 ParOldGen       total 281600K, used 144729K [0x00000000a0000000, 0x00000000b1300000, 0x00000000e0000000)
  object space 281600K, 51% used [0x00000000a0000000,0x00000000a8d564d0,0x00000000b1300000)
 Metaspace       used 82437K, capacity 86226K, committed 86552K, reserved 1124352K
  class space    used 10434K, capacity 11208K, committed 11312K, reserved 1048576K
}
Event: 494.505 GC heap before
{Heap before GC invocations=23 (full 5):
 PSYoungGen      total 421888K, used 339889K [0x00000000e0000000, 0x0000000100000000, 0x0000000100000000)
  eden space 327168K, 100% used [0x00000000e0000000,0x00000000f3f80000,0x00000000f3f80000)
  from space 94720K, 13% used [0x00000000f3f80000,0x00000000f4bec708,0x00000000f9c00000)
  to   space 91648K, 0% used [0x00000000fa680000,0x00000000fa680000,0x0000000100000000)
 ParOldGen       total 281600K, used 144729K [0x00000000a0000000, 0x00000000b1300000, 0x00000000e0000000)
  object space 281600K, 51% used [0x00000000a0000000,0x00000000a8d564d0,0x00000000b1300000)
 Metaspace       used 86011K, capacity 89932K, committed 90264K, reserved 1128448K
  class space    used 10851K, capacity 11659K, committed 11696K, reserved 1048576K
Event: 494.547 GC heap after
Heap after GC invocations=23 (full 5):
 PSYoungGen      total 392704K, used 91646K [0x00000000e0000000, 0x0000000100000000, 0x0000000100000000)
  eden space 301056K, 0% used [0x00000000e0000000,0x00000000e0000000,0x00000000f2600000)
  from space 91648K, 99% used [0x00000000fa680000,0x00000000fffff8d8,0x0000000100000000)
  to   space 111616K, 0% used [0x00000000f2600000,0x00000000f2600000,0x00000000f9300000)
 ParOldGen       total 281600K, used 154042K [0x00000000a0000000, 0x00000000b1300000, 0x00000000e0000000)
  object space 281600K, 54% used [0x00000000a0000000,0x00000000a966ebb0,0x00000000b1300000)
 Metaspace       used 86011K, capacity 89932K, committed 90264K, reserved 1128448K
  class space    used 10851K, capacity 11659K, committed 11696K, reserved 1048576K
}
Event: 800.296 GC heap before
{Heap before GC invocations=24 (full 5):
 PSYoungGen      total 392704K, used 392702K [0x00000000e0000000, 0x0000000100000000, 0x0000000100000000)
  eden space 301056K, 100% used [0x00000000e0000000,0x00000000f2600000,0x00000000f2600000)
  from space 91648K, 99% used [0x00000000fa680000,0x00000000fffff8d8,0x0000000100000000)
  to   space 111616K, 0% used [0x00000000f2600000,0x00000000f2600000,0x00000000f9300000)
 ParOldGen       total 281600K, used 154042K [0x00000000a0000000, 0x00000000b1300000, 0x00000000e0000000)
  object space 281600K, 54% used [0x00000000a0000000,0x00000000a966ebb0,0x00000000b1300000)
 Metaspace       used 87198K, capacity 91610K, committed 91800K, reserved 1128448K
  class space    used 10979K, capacity 11842K, committed 11952K, reserved 1048576K
Event: 800.358 GC heap after
Heap after GC invocations=24 (full 5):
 PSYoungGen      total 412672K, used 111601K [0x00000000e0000000, 0x0000000100000000, 0x0000000100000000)
  eden space 301056K, 0% used [0x00000000e0000000,0x00000000e0000000,0x00000000f2600000)
  from space 111616K, 99% used [0x00000000f2600000,0x00000000f92fc5a8,0x00000000f9300000)
  to   space 111616K, 0% used [0x00000000f9300000,0x00000000f9300000,0x0000000100000000)
 ParOldGen       total 281600K, used 177540K [0x00000000a0000000, 0x00000000b1300000, 0x00000000e0000000)
  object space 281600K, 63% used [0x00000000a0000000,0x00000000aad61148,0x00000000b1300000)
 Metaspace       used 87198K, capacity 91610K, committed 91800K, reserved 1128448K
  class space    used 10979K, capacity 11842K, committed 11952K, reserved 1048576K
}
Event: 801.284 GC heap before
{Heap before GC invocations=25 (full 5):
 PSYoungGen      total 412672K, used 411796K [0x00000000e0000000, 0x0000000100000000, 0x0000000100000000)
  eden space 301056K, 99% used [0x00000000e0000000,0x00000000f2528bb8,0x00000000f2600000)
  from space 111616K, 99% used [0x00000000f2600000,0x00000000f92fc5a8,0x00000000f9300000)
  to   space 111616K, 0% used [0x00000000f9300000,0x00000000f9300000,0x0000000100000000)
 ParOldGen       total 281600K, used 177540K [0x00000000a0000000, 0x00000000b1300000, 0x00000000e0000000)
  object space 281600K, 63% used [0x00000000a0000000,0x00000000aad61148,0x00000000b1300000)
 Metaspace       used 89884K, capacity 94190K, committed 94360K, reserved 1132544K
  class space    used 11321K, capacity 12204K, committed 12208K, reserved 1048576K
Event: 801.375 GC heap after
Heap after GC invocations=25 (full 5):
 PSYoungGen      total 366592K, used 26365K [0x00000000e0000000, 0x0000000100000000, 0x0000000100000000)
  eden space 254976K, 0% used [0x00000000e0000000,0x00000000e0000000,0x00000000ef900000)
  from space 111616K, 23% used [0x00000000f9300000,0x00000000facbf400,0x0000000100000000)
  to   space 134656K, 0% used [0x00000000ef900000,0x00000000ef900000,0x00000000f7c80000)
 ParOldGen       total 286208K, used 285380K [0x00000000a0000000, 0x00000000b1780000, 0x00000000e0000000)
  object space 286208K, 99% used [0x00000000a0000000,0x00000000b16b1168,0x00000000b1780000)
 Metaspace       used 89884K, capacity 94190K, committed 94360K, reserved 1132544K
  class space    used 11321K, capacity 12204K, committed 12208K, reserved 1048576K
}
Event: 801.375 GC heap before
{Heap before GC invocations=26 (full 6):
 PSYoungGen      total 366592K, used 26365K [0x00000000e0000000, 0x0000000100000000, 0x0000000100000000)
  eden space 254976K, 0% used [0x00000000e0000000,0x00000000e0000000,0x00000000ef900000)
  from space 111616K, 23% used [0x00000000f9300000,0x00000000facbf400,0x0000000100000000)
  to   space 134656K, 0% used [0x00000000ef900000,0x00000000ef900000,0x00000000f7c80000)
 ParOldGen       total 286208K, used 285380K [0x00000000a0000000, 0x00000000b1780000, 0x00000000e0000000)
  object space 286208K, 99% used [0x00000000a0000000,0x00000000b16b1168,0x00000000b1780000)
 Metaspace       used 89884K, capacity 94190K, committed 94360K, reserved 1132544K
  class space    used 11321K, capacity 12204K, committed 12208K, reserved 1048576K

